<?xml version="1.0" encoding="UTF-8"?>
<!-- Generated by org.testng.reporters.JUnitReportReporter -->
<testsuite hostname="DevilSiku" failures="0" tests="1" name="driverFactory.AppTest" time="108.358" errors="0" timestamp="2023-03-26T10:20:25 IST" skipped="0">
  <testcase classname="driverFactory.AppTest" name="kickstart" time="108.358"/>
  <system-out/>
</testsuite> <!-- driverFactory.AppTest -->
